SF:E:\Programming\Dart\tokenizer\lib\handlers.dart
DA:11,1
DA:12,1
DA:14,2
DA:15,3
DA:17,2
DA:20,2
DA:23,1
DA:24,2
DA:26,2
DA:27,2
DA:29,2
DA:32,2
DA:35,1
DA:46,1
DA:47,2
DA:51,1
DA:52,2
DA:56,1
DA:57,7
DA:58,5
DA:60,0
DA:64,1
DA:66,2
DA:67,1
DA:74,1
DA:75,5
DA:76,2
DA:77,4
DA:79,0
DA:83,1
DA:84,7
DA:85,1
DA:87,1
DA:88,2
DA:89,1
DA:94,0
DA:98,1
DA:112,1
DA:113,7
DA:114,5
DA:116,5
DA:120,1
DA:121,3
DA:122,5
DA:124,0
DA:128,1
DA:129,5
DA:130,2
DA:131,4
DA:133,5
DA:137,1
DA:138,7
DA:139,5
DA:140,2
DA:143,0
DA:147,1
DA:149,1
DA:152,1
DA:153,2
DA:156,3
DA:159,1
DA:160,1
DA:162,2
DA:165,0
DA:166,0
DA:170,1
DA:181,0
DA:186,0
DA:187,0
DA:194,0
LF:70
LH:59
end_of_record
SF:E:\Programming\Dart\tokenizer\lib\tokenizer.dart
DA:12,0
LF:1
LH:0
end_of_record
SF:E:\Programming\Dart\tokenizer\lib\primitives.dart
DA:4,1
DA:11,1
DA:18,0
DA:23,0
DA:26,0
DA:27,0
DA:31,0
DA:32,0
DA:33,0
DA:34,0
DA:37,1
DA:38,2
DA:39,3
DA:40,0
DA:43,0
DA:44,0
DA:45,0
DA:46,0
DA:50,1
DA:51,2
DA:52,1
DA:55,0
DA:56,0
DA:57,0
DA:61,0
DA:62,0
DA:63,0
LF:27
LH:8
end_of_record
SF:E:\Programming\Dart\tokenizer\lib\exceptions.dart
DA:4,1
LF:1
LH:1
end_of_record
SF:E:\Programming\Dart\tokenizer\lib\util.dart
DA:4,1
DA:5,3
DA:8,1
DA:11,0
LF:4
LH:3
end_of_record
